Using pre-set license
Built from '2020.3/staging' branch; Version is '2020.3.40f1 (ba48d4efcef1) revision 12208340'; Using compiler version '192528614'; Build Type 'Release'
OS: 'Windows 11  (10.0.22000) 64bit Core' Language: 'uk' Physical Memory: 15716 MB
BatchMode: 1, IsHumanControllingUs: 0, StartBugReporterOnCrash: 0, Is64bit: 1, IsPro: 0

COMMAND LINE ARGUMENTS:
C:\Program Files\Unity\Hub\Editor\2020.3.40f1\Editor\Unity.exe
-adb2
-batchMode
-noUpm
-name
AssetImportWorker0
-projectPath
C:/Users/TEN KOMPUTER/Desktop/Unity_Project/Project_Unity_Avtomchuk_Kukharchuk/Project_Avtomchuk_Kukharchuk
-logFile
Logs/AssetImportWorker0.log
-srvPort
53958
Successfully changed project path to: C:/Users/TEN KOMPUTER/Desktop/Unity_Project/Project_Unity_Avtomchuk_Kukharchuk/Project_Avtomchuk_Kukharchuk
C:/Users/TEN KOMPUTER/Desktop/Unity_Project/Project_Unity_Avtomchuk_Kukharchuk/Project_Avtomchuk_Kukharchuk
Using Asset Import Pipeline V2.
Refreshing native plugins compatible for Editor in 72.34 ms, found 3 plugins.
Preloading 0 native plugins for Editor in 0.00 ms.
Initialize engine version: 2020.3.40f1 (ba48d4efcef1)
[Subsystems] Discovering subsystems at path C:/Program Files/Unity/Hub/Editor/2020.3.40f1/Editor/Data/Resources/UnitySubsystems
[Subsystems] Discovering subsystems at path C:/Users/TEN KOMPUTER/Desktop/Unity_Project/Project_Unity_Avtomchuk_Kukharchuk/Project_Avtomchuk_Kukharchuk/Assets
GfxDevice: creating device client; threaded=0
Direct3D:
    Version:  Direct3D 11.0 [level 11.1]
    Renderer: NVIDIA GeForce RTX 3050 Laptop GPU (ID=0x25a2)
    Vendor:   
    VRAM:     3991 MB
    Driver:   30.0.15.1278
Initialize mono
Mono path[0] = 'C:/Program Files/Unity/Hub/Editor/2020.3.40f1/Editor/Data/Managed'
Mono path[1] = 'C:/Program Files/Unity/Hub/Editor/2020.3.40f1/Editor/Data/MonoBleedingEdge/lib/mono/unityjit'
Mono config path = 'C:/Program Files/Unity/Hub/Editor/2020.3.40f1/Editor/Data/MonoBleedingEdge/etc'
Using monoOptions --debugger-agent=transport=dt_socket,embedding=1,server=y,suspend=n,address=127.0.0.1:56684
Begin MonoManager ReloadAssembly
Registering precompiled unity dll's ...
Register platform support module: C:/Program Files/Unity/Hub/Editor/2020.3.40f1/Editor/Data/PlaybackEngines/WindowsStandaloneSupport/UnityEditor.WindowsStandalone.Extensions.dll
Registered in 0.003668 seconds.
Native extension for WindowsStandalone target not found
Refreshing native plugins compatible for Editor in 79.17 ms, found 3 plugins.
Preloading 0 native plugins for Editor in 0.00 ms.
Mono: successfully reloaded assembly
- Completed reload, in  0.942 seconds
Domain Reload Profiling:
	ReloadAssembly (943ms)
		BeginReloadAssembly (115ms)
			ExecutionOrderSort (0ms)
			DisableScriptedObjects (0ms)
			BackupInstance (0ms)
			ReleaseScriptingObjects (0ms)
			CreateAndSetChildDomain (1ms)
		EndReloadAssembly (704ms)
			LoadAssemblies (110ms)
			RebuildTransferFunctionScriptingTraits (0ms)
			SetupTypeCache (202ms)
			ReleaseScriptCaches (0ms)
			RebuildScriptCaches (52ms)
			SetupLoadedEditorAssemblies (277ms)
				LogAssemblyErrors (0ms)
				InitializePlatformSupportModulesInManaged (6ms)
				SetLoadedEditorAssemblies (0ms)
				RefreshPlugins (79ms)
				BeforeProcessingInitializeOnLoad (20ms)
				ProcessInitializeOnLoadAttributes (128ms)
				ProcessInitializeOnLoadMethodAttributes (44ms)
				AfterProcessingInitializeOnLoad (0ms)
				EditorAssembliesLoaded (0ms)
			ExecutionOrderSort2 (0ms)
			AwakeInstancesAfterBackupRestoration (0ms)
Platform modules already initialized, skipping
Registering precompiled user dll's ...
Registered in 0.008648 seconds.
Begin MonoManager ReloadAssembly
Native extension for WindowsStandalone target not found
Refreshing native plugins compatible for Editor in 69.52 ms, found 3 plugins.
Preloading 0 native plugins for Editor in 0.00 ms.
Mono: successfully reloaded assembly
- Completed reload, in  1.685 seconds
Domain Reload Profiling:
	ReloadAssembly (1686ms)
		BeginReloadAssembly (234ms)
			ExecutionOrderSort (0ms)
			DisableScriptedObjects (5ms)
			BackupInstance (0ms)
			ReleaseScriptingObjects (0ms)
			CreateAndSetChildDomain (25ms)
		EndReloadAssembly (1361ms)
			LoadAssemblies (171ms)
			RebuildTransferFunctionScriptingTraits (0ms)
			SetupTypeCache (425ms)
			ReleaseScriptCaches (1ms)
			RebuildScriptCaches (71ms)
			SetupLoadedEditorAssemblies (543ms)
				LogAssemblyErrors (0ms)
				InitializePlatformSupportModulesInManaged (5ms)
				SetLoadedEditorAssemblies (0ms)
				RefreshPlugins (70ms)
				BeforeProcessingInitializeOnLoad (132ms)
				ProcessInitializeOnLoadAttributes (292ms)
				ProcessInitializeOnLoadMethodAttributes (33ms)
				AfterProcessingInitializeOnLoad (10ms)
				EditorAssembliesLoaded (0ms)
			ExecutionOrderSort2 (0ms)
			AwakeInstancesAfterBackupRestoration (2ms)
Platform modules already initialized, skipping
========================================================================
Worker process is ready to serve import requests
Launched and connected shader compiler UnityShaderCompiler.exe after 0.07 seconds
Refreshing native plugins compatible for Editor in 0.69 ms, found 3 plugins.
Preloading 0 native plugins for Editor in 0.00 ms.
Unloading 2226 Unused Serialized files (Serialized files now loaded: 0)
System memory in use before: 98.6 MB.
System memory in use after: 98.5 MB.

Unloading 31 unused Assets to reduce memory usage. Loaded Objects now: 2659.
Total: 4.786200 ms (FindLiveObjects: 0.334400 ms CreateObjectMapping: 0.095300 ms MarkObjects: 4.172800 ms  DeleteObjects: 0.182500 ms)

AssetImportParameters requested are different than current active one (requested -> active):
  custom:framework-win-MediaFoundation: 216162199b28c13a410421893ffa2e32 -> 
  custom:video-decoder-ogg-theora: a1e56fd34408186e4bbccfd4996cb3dc -> 
  custom:container-muxer-webm: aa71ff27fc2769a1b78a27578f13a17b -> 
  custom:container-demuxer-webm: 4f35f7cbe854078d1ac9338744f61a02 -> 
  custom:container-demuxer-ogg: 62fdf1f143b41e24485cea50d1cbac27 -> 
  custom:video-encoder-webm-vp8: eb34c28f22e8b96e1ab97ce403110664 -> 
  custom:video-codec-MediaFoundation-h265: 746d11721c4dcdbdad8f713fa42b33f4 -> 
  custom:video-decoder-webm-vp8: 9c59270c3fd7afecdb556c50c9e8de78 -> 
  custom:audio-decoder-ogg-vorbis: bf7c407c2cedff20999df2af8eb42d56 -> 
  custom:audio-encoder-webm-vorbis: bf7c407c2cedff20999df2af8eb42d56 -> 
========================================================================
Received Import Request.
  path: Assets/Scenes/Level 1.unity
  artifactKey: Guid(2cda990e2423bbf4892e6590ba056729) Importer(815301076,1909f56bfc062723c751e8b465ee728b)
Start importing Assets/Scenes/Level 1.unity using Guid(2cda990e2423bbf4892e6590ba056729) Importer(815301076,1909f56bfc062723c751e8b465ee728b)  -> (artifact id: 'e4aa06e4945976d423c184141e90589e') in 0.009418 seconds 
========================================================================
Received Import Request.
  Time since last request: 1655.681531 seconds.
  path: Assets/Scenes/Level 2.unity
  artifactKey: Guid(6a70801bbbeb85c4e90e7bfbbf2b6a5e) Importer(815301076,1909f56bfc062723c751e8b465ee728b)
Start importing Assets/Scenes/Level 2.unity using Guid(6a70801bbbeb85c4e90e7bfbbf2b6a5e) Importer(815301076,1909f56bfc062723c751e8b465ee728b)  -> (artifact id: '52f21c81903ac9def12dceccff6ba075') in 0.005047 seconds 
========================================================================
Received Prepare
Registering precompiled user dll's ...
Registered in 0.010538 seconds.
Begin MonoManager ReloadAssembly
Native extension for WindowsStandalone target not found
Refreshing native plugins compatible for Editor in 1.23 ms, found 3 plugins.
Preloading 0 native plugins for Editor in 0.00 ms.
Mono: successfully reloaded assembly
- Completed reload, in  1.542 seconds
Domain Reload Profiling:
	ReloadAssembly (1543ms)
		BeginReloadAssembly (204ms)
			ExecutionOrderSort (0ms)
			DisableScriptedObjects (11ms)
			BackupInstance (0ms)
			ReleaseScriptingObjects (0ms)
			CreateAndSetChildDomain (65ms)
		EndReloadAssembly (1257ms)
			LoadAssemblies (172ms)
			RebuildTransferFunctionScriptingTraits (0ms)
			SetupTypeCache (419ms)
			ReleaseScriptCaches (1ms)
			RebuildScriptCaches (66ms)
			SetupLoadedEditorAssemblies (456ms)
				LogAssemblyErrors (0ms)
				InitializePlatformSupportModulesInManaged (9ms)
				SetLoadedEditorAssemblies (1ms)
				RefreshPlugins (1ms)
				BeforeProcessingInitializeOnLoad (152ms)
				ProcessInitializeOnLoadAttributes (260ms)
				ProcessInitializeOnLoadMethodAttributes (21ms)
				AfterProcessingInitializeOnLoad (12ms)
				EditorAssembliesLoaded (0ms)
			ExecutionOrderSort2 (0ms)
			AwakeInstancesAfterBackupRestoration (5ms)
Platform modules already initialized, skipping
Refreshing native plugins compatible for Editor in 1.08 ms, found 3 plugins.
Preloading 0 native plugins for Editor in 0.00 ms.
Unloading 2221 Unused Serialized files (Serialized files now loaded: 0)
System memory in use before: 98.6 MB.
System memory in use after: 98.5 MB.

Unloading 20 unused Assets to reduce memory usage. Loaded Objects now: 2662.
Total: 4.068800 ms (FindLiveObjects: 0.209200 ms CreateObjectMapping: 0.095800 ms MarkObjects: 3.585900 ms  DeleteObjects: 0.176500 ms)

AssetImportParameters requested are different than current active one (requested -> active):
  custom:framework-win-MediaFoundation: 216162199b28c13a410421893ffa2e32 -> 
  custom:video-decoder-ogg-theora: a1e56fd34408186e4bbccfd4996cb3dc -> 
  custom:container-muxer-webm: aa71ff27fc2769a1b78a27578f13a17b -> 
  custom:container-demuxer-webm: 4f35f7cbe854078d1ac9338744f61a02 -> 
  custom:container-demuxer-ogg: 62fdf1f143b41e24485cea50d1cbac27 -> 
  custom:video-encoder-webm-vp8: eb34c28f22e8b96e1ab97ce403110664 -> 
  custom:video-codec-MediaFoundation-h265: 746d11721c4dcdbdad8f713fa42b33f4 -> 
  custom:video-decoder-webm-vp8: 9c59270c3fd7afecdb556c50c9e8de78 -> 
  custom:audio-decoder-ogg-vorbis: bf7c407c2cedff20999df2af8eb42d56 -> 
  custom:audio-encoder-webm-vorbis: bf7c407c2cedff20999df2af8eb42d56 -> 
========================================================================
Received Prepare
Registering precompiled user dll's ...
Registered in 0.010900 seconds.
Begin MonoManager ReloadAssembly
Native extension for WindowsStandalone target not found
Refreshing native plugins compatible for Editor in 0.71 ms, found 3 plugins.
Preloading 0 native plugins for Editor in 0.00 ms.
Mono: successfully reloaded assembly
- Completed reload, in  1.633 seconds
Domain Reload Profiling:
	ReloadAssembly (1634ms)
		BeginReloadAssembly (217ms)
			ExecutionOrderSort (0ms)
			DisableScriptedObjects (10ms)
			BackupInstance (0ms)
			ReleaseScriptingObjects (0ms)
			CreateAndSetChildDomain (56ms)
		EndReloadAssembly (1297ms)
			LoadAssemblies (209ms)
			RebuildTransferFunctionScriptingTraits (0ms)
			SetupTypeCache (484ms)
			ReleaseScriptCaches (2ms)
			RebuildScriptCaches (72ms)
			SetupLoadedEditorAssemblies (445ms)
				LogAssemblyErrors (0ms)
				InitializePlatformSupportModulesInManaged (7ms)
				SetLoadedEditorAssemblies (1ms)
				RefreshPlugins (1ms)
				BeforeProcessingInitializeOnLoad (120ms)
				ProcessInitializeOnLoadAttributes (279ms)
				ProcessInitializeOnLoadMethodAttributes (23ms)
				AfterProcessingInitializeOnLoad (14ms)
				EditorAssembliesLoaded (0ms)
			ExecutionOrderSort2 (0ms)
			AwakeInstancesAfterBackupRestoration (7ms)
Platform modules already initialized, skipping
Refreshing native plugins compatible for Editor in 0.97 ms, found 3 plugins.
Preloading 0 native plugins for Editor in 0.00 ms.
Unloading 2221 Unused Serialized files (Serialized files now loaded: 0)
System memory in use before: 98.6 MB.
System memory in use after: 98.6 MB.

Unloading 20 unused Assets to reduce memory usage. Loaded Objects now: 2665.
Total: 3.719200 ms (FindLiveObjects: 0.178700 ms CreateObjectMapping: 0.080600 ms MarkObjects: 3.315600 ms  DeleteObjects: 0.143100 ms)

AssetImportParameters requested are different than current active one (requested -> active):
  custom:framework-win-MediaFoundation: 216162199b28c13a410421893ffa2e32 -> 
  custom:video-decoder-ogg-theora: a1e56fd34408186e4bbccfd4996cb3dc -> 
  custom:container-muxer-webm: aa71ff27fc2769a1b78a27578f13a17b -> 
  custom:container-demuxer-webm: 4f35f7cbe854078d1ac9338744f61a02 -> 
  custom:container-demuxer-ogg: 62fdf1f143b41e24485cea50d1cbac27 -> 
  custom:video-encoder-webm-vp8: eb34c28f22e8b96e1ab97ce403110664 -> 
  custom:video-codec-MediaFoundation-h265: 746d11721c4dcdbdad8f713fa42b33f4 -> 
  custom:video-decoder-webm-vp8: 9c59270c3fd7afecdb556c50c9e8de78 -> 
  custom:audio-decoder-ogg-vorbis: bf7c407c2cedff20999df2af8eb42d56 -> 
  custom:audio-encoder-webm-vorbis: bf7c407c2cedff20999df2af8eb42d56 -> 
========================================================================
Received Import Request.
  Time since last request: 2844.324693 seconds.
  path: Assets/Scenes/Menu.unity
  artifactKey: Guid(4da97215971d1ef4680c4f0a1ea24a35) Importer(815301076,1909f56bfc062723c751e8b465ee728b)
Start importing Assets/Scenes/Menu.unity using Guid(4da97215971d1ef4680c4f0a1ea24a35) Importer(815301076,1909f56bfc062723c751e8b465ee728b)  -> (artifact id: 'b222a89c7c3a596561bcc8f3eb55f78f') in 0.008408 seconds 
========================================================================
Received Import Request.
  Time since last request: 366.181806 seconds.
  path: Assets/Material/Terrain.prefab
  artifactKey: Guid(912bf110fcd3dea4b825067dcdedb15e) Importer(815301076,1909f56bfc062723c751e8b465ee728b)
Start importing Assets/Material/Terrain.prefab using Guid(912bf110fcd3dea4b825067dcdedb15e) Importer(815301076,1909f56bfc062723c751e8b465ee728b)  -> (artifact id: '2c762ac5f71aecca4f9bbcb7d03fed58') in 0.307316 seconds 
========================================================================
Received Import Request.
  Time since last request: 1.558895 seconds.
  path: Assets/Material/Menu/depositphotos_25847697-stock-illustration-forest-glade.jpg
  artifactKey: Guid(ab9046d9063e61343a48d7ee46e279bf) Importer(815301076,1909f56bfc062723c751e8b465ee728b)
Start importing Assets/Material/Menu/depositphotos_25847697-stock-illustration-forest-glade.jpg using Guid(ab9046d9063e61343a48d7ee46e279bf) Importer(815301076,1909f56bfc062723c751e8b465ee728b)  -> (artifact id: '2624330de1583d5df4fad389ecb15e17') in 0.065829 seconds 
========================================================================
Received Import Request.
  Time since last request: 0.000446 seconds.
  path: Assets/Material/Menu
  artifactKey: Guid(02d3f50772e3d7e41bdba33306503d3e) Importer(815301076,1909f56bfc062723c751e8b465ee728b)
Start importing Assets/Material/Menu using Guid(02d3f50772e3d7e41bdba33306503d3e) Importer(815301076,1909f56bfc062723c751e8b465ee728b)  -> (artifact id: '3fdc2f5f860136e19294b1bb7570a594') in 0.005306 seconds 
========================================================================
Received Import Request.
  Time since last request: 286.856019 seconds.
  path: Assets/Material/Menu/2468816.png
  artifactKey: Guid(646cdcf276c30c042a3dc1e5feb0cc43) Importer(815301076,1909f56bfc062723c751e8b465ee728b)
Start importing Assets/Material/Menu/2468816.png using Guid(646cdcf276c30c042a3dc1e5feb0cc43) Importer(815301076,1909f56bfc062723c751e8b465ee728b)  -> (artifact id: '6205af9d45e34eb15a05b2df16f2c530') in 0.092374 seconds 
========================================================================
Received Import Request.
  Time since last request: 859.096922 seconds.
  path: Assets/Material/Pixel Skies DEMO/Pixel Skies 1920x1080px (Full HD)/demo01_PixelSky_1920x1080.png
  artifactKey: Guid(e7f9251d007ab1547bd1c48a700894c3) Importer(815301076,1909f56bfc062723c751e8b465ee728b)
Start importing Assets/Material/Pixel Skies DEMO/Pixel Skies 1920x1080px (Full HD)/demo01_PixelSky_1920x1080.png using Guid(e7f9251d007ab1547bd1c48a700894c3) Importer(815301076,1909f56bfc062723c751e8b465ee728b)  -> (artifact id: 'a3eb1454f8f768d0936c8bb7aec598b5') in 0.077013 seconds 
========================================================================
Received Import Request.
  Time since last request: 0.000453 seconds.
  path: Assets/Material/Pixel Skies DEMO/Pixel Skies 1920x1080px (Full HD)/demo06_PixelSky_1920x1080.png
  artifactKey: Guid(3de760602bae9d54dbd6e2463f455381) Importer(815301076,1909f56bfc062723c751e8b465ee728b)
Start importing Assets/Material/Pixel Skies DEMO/Pixel Skies 1920x1080px (Full HD)/demo06_PixelSky_1920x1080.png using Guid(3de760602bae9d54dbd6e2463f455381) Importer(815301076,1909f56bfc062723c751e8b465ee728b)  -> (artifact id: 'e4af3b1b6acf7926a29255e6deed65af') in 0.040048 seconds 
========================================================================
Received Import Request.
  Time since last request: 0.000436 seconds.
  path: Assets/Material/Pixel Skies DEMO/Pixel Skies 1920x1080px (Full HD)
  artifactKey: Guid(8d96c0bddf13ebf4ea5a0eabc1c5c261) Importer(815301076,1909f56bfc062723c751e8b465ee728b)
Start importing Assets/Material/Pixel Skies DEMO/Pixel Skies 1920x1080px (Full HD) using Guid(8d96c0bddf13ebf4ea5a0eabc1c5c261) Importer(815301076,1909f56bfc062723c751e8b465ee728b)  -> (artifact id: '087cf7fb26c11b8459e0f0a9500cd2df') in 0.005459 seconds 
========================================================================
Received Import Request.
  Time since last request: 0.000399 seconds.
  path: Assets/Material/Pixel Skies DEMO/Pixel Skies 1920x1080px (Full HD)/demo05_PixelSky_1920x1080.png
  artifactKey: Guid(dcecb4bed081cb248b711be68ea780a4) Importer(815301076,1909f56bfc062723c751e8b465ee728b)
Start importing Assets/Material/Pixel Skies DEMO/Pixel Skies 1920x1080px (Full HD)/demo05_PixelSky_1920x1080.png using Guid(dcecb4bed081cb248b711be68ea780a4) Importer(815301076,1909f56bfc062723c751e8b465ee728b)  -> (artifact id: '505a3ae3ab3c9d14b2bbbec8e08e12bf') in 0.038592 seconds 
========================================================================
Received Import Request.
  Time since last request: 0.000491 seconds.
  path: Assets/Material/Pixel Skies DEMO/Pixel Skies 1920x1080px (Full HD)/demo04_PixelSky_1920x1080.png
  artifactKey: Guid(1efc14524702f8c4694fc4697517592f) Importer(815301076,1909f56bfc062723c751e8b465ee728b)
Start importing Assets/Material/Pixel Skies DEMO/Pixel Skies 1920x1080px (Full HD)/demo04_PixelSky_1920x1080.png using Guid(1efc14524702f8c4694fc4697517592f) Importer(815301076,1909f56bfc062723c751e8b465ee728b)  -> (artifact id: 'ae331dadd239442003d2916a9586d2d0') in 0.038773 seconds 
========================================================================
Received Import Request.
  Time since last request: 0.000444 seconds.
  path: Assets/Material/Pixel Skies DEMO/Pixel Skies 1920x1080px (Full HD)/demo02_PixelSky_1920x1080.png
  artifactKey: Guid(23e37d0059af18c4f81beec3bf9f8d1a) Importer(815301076,1909f56bfc062723c751e8b465ee728b)
Start importing Assets/Material/Pixel Skies DEMO/Pixel Skies 1920x1080px (Full HD)/demo02_PixelSky_1920x1080.png using Guid(23e37d0059af18c4f81beec3bf9f8d1a) Importer(815301076,1909f56bfc062723c751e8b465ee728b)  -> (artifact id: '67fdc063cc9daa8348c0fed5521c5386') in 0.039132 seconds 
========================================================================
Received Import Request.
  Time since last request: 0.001111 seconds.
  path: Assets/Material/Pixel Skies DEMO/Pixel Skies 1920x1080px (Full HD)/demo03_PixelSky_1920x1080.png
  artifactKey: Guid(cbef2fb8d44aed94297177261be84de5) Importer(815301076,1909f56bfc062723c751e8b465ee728b)
Start importing Assets/Material/Pixel Skies DEMO/Pixel Skies 1920x1080px (Full HD)/demo03_PixelSky_1920x1080.png using Guid(cbef2fb8d44aed94297177261be84de5) Importer(815301076,1909f56bfc062723c751e8b465ee728b)  -> (artifact id: 'f98c1196a6a55719134545e4b37bec73') in 0.036939 seconds 
========================================================================
Received Import Request.
  Time since last request: 3.540620 seconds.
  path: Assets/Material/Pixel Skies DEMO/Pixel Skies 240x135px/demo01_PixelSky.png
  artifactKey: Guid(0094c1ddec51f7a4db1d4a203ffdee0f) Importer(815301076,1909f56bfc062723c751e8b465ee728b)
Start importing Assets/Material/Pixel Skies DEMO/Pixel Skies 240x135px/demo01_PixelSky.png using Guid(0094c1ddec51f7a4db1d4a203ffdee0f) Importer(815301076,1909f56bfc062723c751e8b465ee728b)  -> (artifact id: '10d95897eb3c028736d414c6eec436b6') in 0.032091 seconds 
========================================================================
Received Import Request.
  Time since last request: 0.000376 seconds.
  path: Assets/Material/Pixel Skies DEMO/Pixel Skies 240x135px
  artifactKey: Guid(bd4b18ef6c3dc5b4f902005102b107c7) Importer(815301076,1909f56bfc062723c751e8b465ee728b)
Start importing Assets/Material/Pixel Skies DEMO/Pixel Skies 240x135px using Guid(bd4b18ef6c3dc5b4f902005102b107c7) Importer(815301076,1909f56bfc062723c751e8b465ee728b)  -> (artifact id: '2f550f2987b1be5c490c76ad1cf45fc7') in 0.005778 seconds 
========================================================================
Received Import Request.
  Time since last request: 0.000350 seconds.
  path: Assets/Material/Pixel Skies DEMO/Pixel Skies 240x135px/demo03_PixelSky.png
  artifactKey: Guid(3c522dfe25a7896468abb57f4bf0f186) Importer(815301076,1909f56bfc062723c751e8b465ee728b)
Start importing Assets/Material/Pixel Skies DEMO/Pixel Skies 240x135px/demo03_PixelSky.png using Guid(3c522dfe25a7896468abb57f4bf0f186) Importer(815301076,1909f56bfc062723c751e8b465ee728b)  -> (artifact id: '66a06613ce89293c8841d611e37e4642') in 0.019125 seconds 
========================================================================
Received Import Request.
  Time since last request: 0.000411 seconds.
  path: Assets/Material/Pixel Skies DEMO/Pixel Skies 240x135px/demo04_PixelSky.png
  artifactKey: Guid(d5195c18a9a87014da4daca597d44a77) Importer(815301076,1909f56bfc062723c751e8b465ee728b)
Start importing Assets/Material/Pixel Skies DEMO/Pixel Skies 240x135px/demo04_PixelSky.png using Guid(d5195c18a9a87014da4daca597d44a77) Importer(815301076,1909f56bfc062723c751e8b465ee728b)  -> (artifact id: '07d24c9d96c6c25dd12ce68ca8c098ed') in 0.026245 seconds 
========================================================================
Received Import Request.
  Time since last request: 0.000444 seconds.
  path: Assets/Material/Pixel Skies DEMO/Pixel Skies 240x135px/demo02_PixelSky.png
  artifactKey: Guid(0675ce4596ea3e047879ee54f19b94a0) Importer(815301076,1909f56bfc062723c751e8b465ee728b)
Start importing Assets/Material/Pixel Skies DEMO/Pixel Skies 240x135px/demo02_PixelSky.png using Guid(0675ce4596ea3e047879ee54f19b94a0) Importer(815301076,1909f56bfc062723c751e8b465ee728b)  -> (artifact id: '87511b0bb848359e3ed69aad4cc8a860') in 0.022828 seconds 
========================================================================
Received Import Request.
  Time since last request: 0.000423 seconds.
  path: Assets/Material/Pixel Skies DEMO/Pixel Skies 240x135px/demo06_PixelSky.png
  artifactKey: Guid(f6cc67ab8870dda4dbc253117214730e) Importer(815301076,1909f56bfc062723c751e8b465ee728b)
Start importing Assets/Material/Pixel Skies DEMO/Pixel Skies 240x135px/demo06_PixelSky.png using Guid(f6cc67ab8870dda4dbc253117214730e) Importer(815301076,1909f56bfc062723c751e8b465ee728b)  -> (artifact id: 'de8e08b55782a300e2d3f871c225836c') in 0.018650 seconds 
========================================================================
Received Import Request.
  Time since last request: 0.000456 seconds.
  path: Assets/Material/Pixel Skies DEMO/Pixel Skies 240x135px/demo05_PixelSky.png
  artifactKey: Guid(a4fa243ef9771f64bb296e61b4d54881) Importer(815301076,1909f56bfc062723c751e8b465ee728b)
Start importing Assets/Material/Pixel Skies DEMO/Pixel Skies 240x135px/demo05_PixelSky.png using Guid(a4fa243ef9771f64bb296e61b4d54881) Importer(815301076,1909f56bfc062723c751e8b465ee728b)  -> (artifact id: '376202d49cf7bec244657f6f2f87eec2') in 0.023034 seconds 
========================================================================
Received Import Request.
  Time since last request: 135.360156 seconds.
  path: Assets/Material/Pixel Adventure 1/Assets/Terrain/Tiles/Terrain (16x16) 1_0.asset
  artifactKey: Guid(28812f0983b9e3d42b74a430c64b42ee) Importer(815301076,1909f56bfc062723c751e8b465ee728b)
Start importing Assets/Material/Pixel Adventure 1/Assets/Terrain/Tiles/Terrain (16x16) 1_0.asset using Guid(28812f0983b9e3d42b74a430c64b42ee) Importer(815301076,1909f56bfc062723c751e8b465ee728b)  -> (artifact id: 'b8eef912f6eec4a9063bcfc3df3e7978') in 0.043168 seconds 
========================================================================
Received Import Request.
  Time since last request: 0.000426 seconds.
  path: Assets/Material/Pixel Adventure 1/Assets/Terrain/Tiles/Terrain (16x16) 1_29.asset
  artifactKey: Guid(2f316c8b75aa2e342a8bbc636491f3c2) Importer(815301076,1909f56bfc062723c751e8b465ee728b)
Start importing Assets/Material/Pixel Adventure 1/Assets/Terrain/Tiles/Terrain (16x16) 1_29.asset using Guid(2f316c8b75aa2e342a8bbc636491f3c2) Importer(815301076,1909f56bfc062723c751e8b465ee728b)  -> (artifact id: 'ea395ba44f3e6283b1112311673326b5') in 0.019873 seconds 
========================================================================
Received Import Request.
  Time since last request: 0.000571 seconds.
  path: Assets/Material/Pixel Adventure 1/Assets/Terrain/Tiles/Terrain (16x16) 1_12.asset
  artifactKey: Guid(cf44969a02290b34faf4a38caa8d312f) Importer(815301076,1909f56bfc062723c751e8b465ee728b)
Start importing Assets/Material/Pixel Adventure 1/Assets/Terrain/Tiles/Terrain (16x16) 1_12.asset using Guid(cf44969a02290b34faf4a38caa8d312f) Importer(815301076,1909f56bfc062723c751e8b465ee728b)  -> (artifact id: 'b205797dc25ca284c82c61d951331996') in 0.018472 seconds 
========================================================================
Received Import Request.
  Time since last request: 0.000441 seconds.
  path: Assets/Material/Pixel Adventure 1/Assets/Terrain/Tiles/Terrain (16x16) 1_2.asset
  artifactKey: Guid(063d2eabde218cb499f36ca36acbe601) Importer(815301076,1909f56bfc062723c751e8b465ee728b)
Start importing Assets/Material/Pixel Adventure 1/Assets/Terrain/Tiles/Terrain (16x16) 1_2.asset using Guid(063d2eabde218cb499f36ca36acbe601) Importer(815301076,1909f56bfc062723c751e8b465ee728b)  -> (artifact id: 'def9e80deec94e64485a5a3d6debe5a3') in 0.016801 seconds 
========================================================================
Received Import Request.
  Time since last request: 0.000496 seconds.
  path: Assets/Material/Pixel Adventure 1/Assets/Terrain/Tiles/Terrain (16x16) 1_20.asset
  artifactKey: Guid(a8d6004b7151fe24392e43a0b6b33109) Importer(815301076,1909f56bfc062723c751e8b465ee728b)
Start importing Assets/Material/Pixel Adventure 1/Assets/Terrain/Tiles/Terrain (16x16) 1_20.asset using Guid(a8d6004b7151fe24392e43a0b6b33109) Importer(815301076,1909f56bfc062723c751e8b465ee728b)  -> (artifact id: '0625aefaa0f1ced1d7dbb7fc70b73ff7') in 0.018557 seconds 
========================================================================
Received Import Request.
  Time since last request: 0.000371 seconds.
  path: Assets/Material/Pixel Adventure 1/Assets/Terrain/Tiles/Terrain (16x16) 1_7.asset
  artifactKey: Guid(03475d7174eafa54f8108aaf37f6e3ea) Importer(815301076,1909f56bfc062723c751e8b465ee728b)
Start importing Assets/Material/Pixel Adventure 1/Assets/Terrain/Tiles/Terrain (16x16) 1_7.asset using Guid(03475d7174eafa54f8108aaf37f6e3ea) Importer(815301076,1909f56bfc062723c751e8b465ee728b)  -> (artifact id: '47cb0b1620dfc4a82ff7c2afc75742c5') in 0.015524 seconds 
========================================================================
Received Import Request.
  Time since last request: 0.000531 seconds.
  path: Assets/Material/Pixel Adventure 1/Assets/Terrain/Tiles/Terrain (16x16) 1_27.asset
  artifactKey: Guid(f52bd030561bf054ab81540b1f3a3fd4) Importer(815301076,1909f56bfc062723c751e8b465ee728b)
Start importing Assets/Material/Pixel Adventure 1/Assets/Terrain/Tiles/Terrain (16x16) 1_27.asset using Guid(f52bd030561bf054ab81540b1f3a3fd4) Importer(815301076,1909f56bfc062723c751e8b465ee728b)  -> (artifact id: 'f0a9d3cfe3a970870870c1334461bbd6') in 0.015734 seconds 
========================================================================
Received Import Request.
  Time since last request: 0.000486 seconds.
  path: Assets/Material/Pixel Adventure 1/Assets/Terrain/Tiles/Terrain (16x16) 1_19.asset
  artifactKey: Guid(015b6201947801f409d01787db6feb81) Importer(815301076,1909f56bfc062723c751e8b465ee728b)
Start importing Assets/Material/Pixel Adventure 1/Assets/Terrain/Tiles/Terrain (16x16) 1_19.asset using Guid(015b6201947801f409d01787db6feb81) Importer(815301076,1909f56bfc062723c751e8b465ee728b)  -> (artifact id: '4a9bdc9e34e18ef3df482c9efdadcbac') in 0.016196 seconds 
========================================================================
Received Import Request.
  Time since last request: 0.000472 seconds.
  path: Assets/Material/Pixel Adventure 1/Assets/Terrain/Tiles/Terrain (16x16) 1_17.asset
  artifactKey: Guid(de2ee73ce7f277d4a9a75003a44a21ee) Importer(815301076,1909f56bfc062723c751e8b465ee728b)
Start importing Assets/Material/Pixel Adventure 1/Assets/Terrain/Tiles/Terrain (16x16) 1_17.asset using Guid(de2ee73ce7f277d4a9a75003a44a21ee) Importer(815301076,1909f56bfc062723c751e8b465ee728b)  -> (artifact id: 'ab67028ec1e4c49b015ca92a52f54350') in 0.019913 seconds 
========================================================================
Received Import Request.
  Time since last request: 0.000388 seconds.
  path: Assets/Material/Pixel Adventure 1/Assets/Terrain/Tiles/Terrain (16x16) 1_24.asset
  artifactKey: Guid(2f9ed4852aad85f43bdf7723441b7a56) Importer(815301076,1909f56bfc062723c751e8b465ee728b)
Start importing Assets/Material/Pixel Adventure 1/Assets/Terrain/Tiles/Terrain (16x16) 1_24.asset using Guid(2f9ed4852aad85f43bdf7723441b7a56) Importer(815301076,1909f56bfc062723c751e8b465ee728b)  -> (artifact id: '33fa32ae1531a9566d66388ccb54b05a') in 0.018276 seconds 
========================================================================
Received Import Request.
  Time since last request: 0.000545 seconds.
  path: Assets/Material/Pixel Adventure 1/Assets/Terrain/Tiles/Terrain (16x16) 1_22.asset
  artifactKey: Guid(d5bad401ab709d541998325b09dac6ca) Importer(815301076,1909f56bfc062723c751e8b465ee728b)
Start importing Assets/Material/Pixel Adventure 1/Assets/Terrain/Tiles/Terrain (16x16) 1_22.asset using Guid(d5bad401ab709d541998325b09dac6ca) Importer(815301076,1909f56bfc062723c751e8b465ee728b)  -> (artifact id: 'af5573c3a8635111ec46c9226cd7284c') in 0.018187 seconds 
========================================================================
Received Import Request.
  Time since last request: 0.000480 seconds.
  path: Assets/Material/Pixel Adventure 1/Assets/Terrain/Tiles/Terrain (16x16) 1_11.asset
  artifactKey: Guid(b6229de8b6310b54787bd86c3ece7e85) Importer(815301076,1909f56bfc062723c751e8b465ee728b)
Start importing Assets/Material/Pixel Adventure 1/Assets/Terrain/Tiles/Terrain (16x16) 1_11.asset using Guid(b6229de8b6310b54787bd86c3ece7e85) Importer(815301076,1909f56bfc062723c751e8b465ee728b)  -> (artifact id: 'e5b88a2776d667c3664adbafa55bee17') in 0.017998 seconds 
========================================================================
Received Import Request.
  Time since last request: 0.000603 seconds.
  path: Assets/Material/Pixel Adventure 1/Assets/Terrain/Tiles/Terrain (16x16) 1_5.asset
  artifactKey: Guid(24261f0a15de45d4ca5a39930c41e3ed) Importer(815301076,1909f56bfc062723c751e8b465ee728b)
Start importing Assets/Material/Pixel Adventure 1/Assets/Terrain/Tiles/Terrain (16x16) 1_5.asset using Guid(24261f0a15de45d4ca5a39930c41e3ed) Importer(815301076,1909f56bfc062723c751e8b465ee728b)  -> (artifact id: '78742a40da1291cea2d3460754b6fc19') in 0.018895 seconds 
========================================================================
Received Import Request.
  Time since last request: 0.000417 seconds.
  path: Assets/Material/Pixel Adventure 1/Assets/Terrain/Tiles/Terrain (16x16) 1_30.asset
  artifactKey: Guid(7e2f93664524f8a4d8a6fe66402b23da) Importer(815301076,1909f56bfc062723c751e8b465ee728b)
Start importing Assets/Material/Pixel Adventure 1/Assets/Terrain/Tiles/Terrain (16x16) 1_30.asset using Guid(7e2f93664524f8a4d8a6fe66402b23da) Importer(815301076,1909f56bfc062723c751e8b465ee728b)  -> (artifact id: '9abcc3afb6384cf2622d4349f98c6042') in 0.018759 seconds 
========================================================================
Received Import Request.
  Time since last request: 0.000512 seconds.
  path: Assets/Material/Pixel Adventure 1/Assets/Terrain/Tiles/Terrain (16x16) 1_4.asset
  artifactKey: Guid(c62213cf5df74384498926879703cdf0) Importer(815301076,1909f56bfc062723c751e8b465ee728b)
Start importing Assets/Material/Pixel Adventure 1/Assets/Terrain/Tiles/Terrain (16x16) 1_4.asset using Guid(c62213cf5df74384498926879703cdf0) Importer(815301076,1909f56bfc062723c751e8b465ee728b)  -> (artifact id: 'ba63442a2cece265000114a3272d5bfa') in 0.012735 seconds 
========================================================================
Received Import Request.
  Time since last request: 0.000572 seconds.
  path: Assets/Material/Pixel Adventure 1/Assets/Terrain/Tiles/Terrain (16x16) 1_16.asset
  artifactKey: Guid(87ddd2ea99273a745af695d7e2b64fc4) Importer(815301076,1909f56bfc062723c751e8b465ee728b)
Start importing Assets/Material/Pixel Adventure 1/Assets/Terrain/Tiles/Terrain (16x16) 1_16.asset using Guid(87ddd2ea99273a745af695d7e2b64fc4) Importer(815301076,1909f56bfc062723c751e8b465ee728b)  -> (artifact id: '6a1cb5f4c76aa68300eb3e4734a79ae6') in 0.013952 seconds 
========================================================================
Received Import Request.
  Time since last request: 0.000441 seconds.
  path: Assets/Material/Pixel Adventure 1/Assets/Terrain/Tiles/Terrain (16x16) 1_3.asset
  artifactKey: Guid(95767db99ab7ecf4581e5dc438a8d343) Importer(815301076,1909f56bfc062723c751e8b465ee728b)
Start importing Assets/Material/Pixel Adventure 1/Assets/Terrain/Tiles/Terrain (16x16) 1_3.asset using Guid(95767db99ab7ecf4581e5dc438a8d343) Importer(815301076,1909f56bfc062723c751e8b465ee728b)  -> (artifact id: '5ef0ada781b5078bb620df287b84f973') in 0.012561 seconds 
========================================================================
Received Import Request.
  Time since last request: 0.000449 seconds.
  path: Assets/Material/Pixel Adventure 1/Assets/Terrain/Tiles/Terrain (16x16) 1_14.asset
  artifactKey: Guid(56dbc0b84298c7349a2fd969421afa97) Importer(815301076,1909f56bfc062723c751e8b465ee728b)
Start importing Assets/Material/Pixel Adventure 1/Assets/Terrain/Tiles/Terrain (16x16) 1_14.asset using Guid(56dbc0b84298c7349a2fd969421afa97) Importer(815301076,1909f56bfc062723c751e8b465ee728b)  -> (artifact id: '23d9ab066a138e24070a6db4ac4cd907') in 0.012425 seconds 
========================================================================
Received Import Request.
  Time since last request: 0.000372 seconds.
  path: Assets/Material/Pixel Adventure 1/Assets/Terrain/Tiles/Terrain (16x16) 1_1.asset
  artifactKey: Guid(d2cc827ef6f63fe41986fcfdc9eeaaf7) Importer(815301076,1909f56bfc062723c751e8b465ee728b)
Start importing Assets/Material/Pixel Adventure 1/Assets/Terrain/Tiles/Terrain (16x16) 1_1.asset using Guid(d2cc827ef6f63fe41986fcfdc9eeaaf7) Importer(815301076,1909f56bfc062723c751e8b465ee728b)  -> (artifact id: '613ad899048f25e5e00f0d8811c41b2a') in 0.015759 seconds 
========================================================================
Received Import Request.
  Time since last request: 0.000445 seconds.
  path: Assets/Material/Pixel Adventure 1/Assets/Terrain/Tiles/Terrain (16x16) 1_9.asset
  artifactKey: Guid(0603dfa5bdc1a61418174b3c6de6f6c4) Importer(815301076,1909f56bfc062723c751e8b465ee728b)
Start importing Assets/Material/Pixel Adventure 1/Assets/Terrain/Tiles/Terrain (16x16) 1_9.asset using Guid(0603dfa5bdc1a61418174b3c6de6f6c4) Importer(815301076,1909f56bfc062723c751e8b465ee728b)  -> (artifact id: 'd515d5ad955846fafd6c1db699dce817') in 0.013802 seconds 
========================================================================
Received Import Request.
  Time since last request: 0.000617 seconds.
  path: Assets/Material/Pixel Adventure 1/Assets/Terrain/Tiles/Terrain (16x16) 1_18.asset
  artifactKey: Guid(575fec2482e5f154eb1158a9147f5819) Importer(815301076,1909f56bfc062723c751e8b465ee728b)
Start importing Assets/Material/Pixel Adventure 1/Assets/Terrain/Tiles/Terrain (16x16) 1_18.asset using Guid(575fec2482e5f154eb1158a9147f5819) Importer(815301076,1909f56bfc062723c751e8b465ee728b)  -> (artifact id: '30706c37db3f97dcf9266e896332564a') in 0.012981 seconds 
========================================================================
Received Import Request.
  Time since last request: 0.000441 seconds.
  path: Assets/Material/Pixel Adventure 1/Assets/Terrain/Tiles/Terrain (16x16) 1_13.asset
  artifactKey: Guid(f391b8bf32c4c2345a8723cec8c97065) Importer(815301076,1909f56bfc062723c751e8b465ee728b)
Start importing Assets/Material/Pixel Adventure 1/Assets/Terrain/Tiles/Terrain (16x16) 1_13.asset using Guid(f391b8bf32c4c2345a8723cec8c97065) Importer(815301076,1909f56bfc062723c751e8b465ee728b)  -> (artifact id: '7d0edd3c75eacd4d84799e9d75c7816d') in 0.015243 seconds 
========================================================================
Received Import Request.
  Time since last request: 0.000425 seconds.
  path: Assets/Material/Pixel Adventure 1/Assets/Terrain/Tiles/Terrain (16x16) 1_15.asset
  artifactKey: Guid(c182dd61f43ad5549864beaece03fc20) Importer(815301076,1909f56bfc062723c751e8b465ee728b)
Start importing Assets/Material/Pixel Adventure 1/Assets/Terrain/Tiles/Terrain (16x16) 1_15.asset using Guid(c182dd61f43ad5549864beaece03fc20) Importer(815301076,1909f56bfc062723c751e8b465ee728b)  -> (artifact id: '12512ad54996c06e0bc777e400e91fa4') in 0.012987 seconds 
========================================================================
Received Import Request.
  Time since last request: 0.000418 seconds.
  path: Assets/Material/Pixel Adventure 1/Assets/Terrain/Tiles/Terrain (16x16) 1_26.asset
  artifactKey: Guid(8b623201585cc3d45ba4e4a42a22c067) Importer(815301076,1909f56bfc062723c751e8b465ee728b)
Start importing Assets/Material/Pixel Adventure 1/Assets/Terrain/Tiles/Terrain (16x16) 1_26.asset using Guid(8b623201585cc3d45ba4e4a42a22c067) Importer(815301076,1909f56bfc062723c751e8b465ee728b)  -> (artifact id: 'c5c419e01ad06f39c83660646c2af7c6') in 0.012867 seconds 
========================================================================
Received Import Request.
  Time since last request: 0.000398 seconds.
  path: Assets/Material/Pixel Adventure 1/Assets/Terrain/Tiles
  artifactKey: Guid(77bfea825090e3f4bb50ee8909b23d15) Importer(815301076,1909f56bfc062723c751e8b465ee728b)
Start importing Assets/Material/Pixel Adventure 1/Assets/Terrain/Tiles using Guid(77bfea825090e3f4bb50ee8909b23d15) Importer(815301076,1909f56bfc062723c751e8b465ee728b)  -> (artifact id: '0122aceeb07e06dd2922c383f1d0359d') in 0.004567 seconds 
========================================================================
Received Import Request.
  Time since last request: 0.000559 seconds.
  path: Assets/Material/Pixel Adventure 1/Assets/Terrain/Tiles/Terrain (16x16) 1_6.asset
  artifactKey: Guid(cede86bbd1ab90e4496dcfafc9da319d) Importer(815301076,1909f56bfc062723c751e8b465ee728b)
Start importing Assets/Material/Pixel Adventure 1/Assets/Terrain/Tiles/Terrain (16x16) 1_6.asset using Guid(cede86bbd1ab90e4496dcfafc9da319d) Importer(815301076,1909f56bfc062723c751e8b465ee728b)  -> (artifact id: 'f7eeee3d5eccd987e5ae49a0df84b3fe') in 0.015513 seconds 
========================================================================
Received Import Request.
  Time since last request: 0.000405 seconds.
  path: Assets/Material/Pixel Adventure 1/Assets/Terrain/Tiles/Terrain (16x16) 1_25.asset
  artifactKey: Guid(8f21857c10781094aa2df9a479be3e6a) Importer(815301076,1909f56bfc062723c751e8b465ee728b)
Start importing Assets/Material/Pixel Adventure 1/Assets/Terrain/Tiles/Terrain (16x16) 1_25.asset using Guid(8f21857c10781094aa2df9a479be3e6a) Importer(815301076,1909f56bfc062723c751e8b465ee728b)  -> (artifact id: 'db3af60605bbc7f6c57db8d55c091be9') in 0.012822 seconds 
========================================================================
Received Import Request.
  Time since last request: 0.000440 seconds.
  path: Assets/Material/Pixel Adventure 1/Assets/Terrain/Tiles/Terrain (16x16) 1_10.asset
  artifactKey: Guid(a3836ef2f4519a142b3ae73670d77a6d) Importer(815301076,1909f56bfc062723c751e8b465ee728b)
Start importing Assets/Material/Pixel Adventure 1/Assets/Terrain/Tiles/Terrain (16x16) 1_10.asset using Guid(a3836ef2f4519a142b3ae73670d77a6d) Importer(815301076,1909f56bfc062723c751e8b465ee728b)  -> (artifact id: '3a4740116e8ce917708fd197bfd2cb0b') in 0.013397 seconds 
========================================================================
Received Import Request.
  Time since last request: 0.000442 seconds.
  path: Assets/Material/Pixel Adventure 1/Assets/Terrain/Tiles/Terrain (16x16) 1_28.asset
  artifactKey: Guid(fa18612bb391951418c76fbb897273b3) Importer(815301076,1909f56bfc062723c751e8b465ee728b)
Start importing Assets/Material/Pixel Adventure 1/Assets/Terrain/Tiles/Terrain (16x16) 1_28.asset using Guid(fa18612bb391951418c76fbb897273b3) Importer(815301076,1909f56bfc062723c751e8b465ee728b)  -> (artifact id: 'a9fd25745e7df1b4bee67bf0f4cd54eb') in 0.013569 seconds 
========================================================================
Received Import Request.
  Time since last request: 0.000295 seconds.
  path: Assets/Material/Pixel Adventure 1/Assets/Terrain/Tiles/Terrain (16x16) 1_8.asset
  artifactKey: Guid(cc36f0a1de2869e4d90cb8be17464009) Importer(815301076,1909f56bfc062723c751e8b465ee728b)
Start importing Assets/Material/Pixel Adventure 1/Assets/Terrain/Tiles/Terrain (16x16) 1_8.asset using Guid(cc36f0a1de2869e4d90cb8be17464009) Importer(815301076,1909f56bfc062723c751e8b465ee728b)  -> (artifact id: '2d06c1e7576a9689b3567b5dc3b6643f') in 0.014023 seconds 
========================================================================
Received Import Request.
  Time since last request: 0.000504 seconds.
  path: Assets/Material/Pixel Adventure 1/Assets/Terrain/Tiles/Terrain (16x16) 1_21.asset
  artifactKey: Guid(a428464c97bcb9547b6d301d152b3f45) Importer(815301076,1909f56bfc062723c751e8b465ee728b)
Start importing Assets/Material/Pixel Adventure 1/Assets/Terrain/Tiles/Terrain (16x16) 1_21.asset using Guid(a428464c97bcb9547b6d301d152b3f45) Importer(815301076,1909f56bfc062723c751e8b465ee728b)  -> (artifact id: '138e772ffe3ec017d084b1e53fd7a5a3') in 0.015383 seconds 
========================================================================
Received Import Request.
  Time since last request: 0.000427 seconds.
  path: Assets/Material/Pixel Adventure 1/Assets/Terrain/Tiles/Terrain (16x16) 1_23.asset
  artifactKey: Guid(2335c26598646734cbdc5bda9e88c069) Importer(815301076,1909f56bfc062723c751e8b465ee728b)
Start importing Assets/Material/Pixel Adventure 1/Assets/Terrain/Tiles/Terrain (16x16) 1_23.asset using Guid(2335c26598646734cbdc5bda9e88c069) Importer(815301076,1909f56bfc062723c751e8b465ee728b)  -> (artifact id: 'f4c92b0072201e155f5753c85bbf6810') in 0.014201 seconds 
========================================================================
Received Import Request.
  Time since last request: 1010.081255 seconds.
  path: Assets/Material/Pixel Adventure 1/Assets/Other/New Material.mat
  artifactKey: Guid(d08d613737f7af24abf35daee5cc85ce) Importer(815301076,1909f56bfc062723c751e8b465ee728b)
Start importing Assets/Material/Pixel Adventure 1/Assets/Other/New Material.mat using Guid(d08d613737f7af24abf35daee5cc85ce) Importer(815301076,1909f56bfc062723c751e8b465ee728b)  -> (artifact id: 'bf31b4ca39d239eb7de03bc887660067') in 0.089661 seconds 
========================================================================
Received Import Request.
  Time since last request: 231.808733 seconds.
  path: Assets/Scripts/Menu.cs
  artifactKey: Guid(ebd3a1bdd560fee468d1974be55f46e5) Importer(815301076,1909f56bfc062723c751e8b465ee728b)
Start importing Assets/Scripts/Menu.cs using Guid(ebd3a1bdd560fee468d1974be55f46e5) Importer(815301076,1909f56bfc062723c751e8b465ee728b)  -> (artifact id: '0844a9c860a7506349022cf777ef1b81') in 0.028079 seconds 
========================================================================
Received Prepare
Registering precompiled user dll's ...
Registered in 0.009127 seconds.
Begin MonoManager ReloadAssembly
Native extension for WindowsStandalone target not found
Refreshing native plugins compatible for Editor in 1.20 ms, found 3 plugins.
Preloading 0 native plugins for Editor in 0.00 ms.
Mono: successfully reloaded assembly
- Completed reload, in  1.764 seconds
Domain Reload Profiling:
	ReloadAssembly (1766ms)
		BeginReloadAssembly (277ms)
			ExecutionOrderSort (0ms)
			DisableScriptedObjects (15ms)
			BackupInstance (0ms)
			ReleaseScriptingObjects (0ms)
			CreateAndSetChildDomain (120ms)
		EndReloadAssembly (1381ms)
			LoadAssemblies (179ms)
			RebuildTransferFunctionScriptingTraits (0ms)
			SetupTypeCache (464ms)
			ReleaseScriptCaches (2ms)
			RebuildScriptCaches (90ms)
			SetupLoadedEditorAssemblies (528ms)
				LogAssemblyErrors (0ms)
				InitializePlatformSupportModulesInManaged (9ms)
				SetLoadedEditorAssemblies (1ms)
				RefreshPlugins (1ms)
				BeforeProcessingInitializeOnLoad (155ms)
				ProcessInitializeOnLoadAttributes (322ms)
				ProcessInitializeOnLoadMethodAttributes (27ms)
				AfterProcessingInitializeOnLoad (12ms)
				EditorAssembliesLoaded (0ms)
			ExecutionOrderSort2 (0ms)
			AwakeInstancesAfterBackupRestoration (6ms)
Platform modules already initialized, skipping
Refreshing native plugins compatible for Editor in 0.66 ms, found 3 plugins.
Preloading 0 native plugins for Editor in 0.00 ms.
Unloading 2222 Unused Serialized files (Serialized files now loaded: 0)
System memory in use before: 102.3 MB.
System memory in use after: 102.4 MB.

Unloading 20 unused Assets to reduce memory usage. Loaded Objects now: 2719.
Total: 3.725200 ms (FindLiveObjects: 0.282600 ms CreateObjectMapping: 0.100800 ms MarkObjects: 3.190200 ms  DeleteObjects: 0.150600 ms)

AssetImportParameters requested are different than current active one (requested -> active):
  custom:framework-win-MediaFoundation: 216162199b28c13a410421893ffa2e32 -> 
  custom:video-decoder-ogg-theora: a1e56fd34408186e4bbccfd4996cb3dc -> 
  custom:container-muxer-webm: aa71ff27fc2769a1b78a27578f13a17b -> 
  custom:container-demuxer-webm: 4f35f7cbe854078d1ac9338744f61a02 -> 
  custom:container-demuxer-ogg: 62fdf1f143b41e24485cea50d1cbac27 -> 
  custom:video-encoder-webm-vp8: eb34c28f22e8b96e1ab97ce403110664 -> 
  custom:video-codec-MediaFoundation-h265: 746d11721c4dcdbdad8f713fa42b33f4 -> 
  custom:video-decoder-webm-vp8: 9c59270c3fd7afecdb556c50c9e8de78 -> 
  custom:audio-decoder-ogg-vorbis: bf7c407c2cedff20999df2af8eb42d56 -> 
  custom:audio-encoder-webm-vorbis: bf7c407c2cedff20999df2af8eb42d56 -> 
========================================================================
Received Prepare
Registering precompiled user dll's ...
Registered in 0.009187 seconds.
Begin MonoManager ReloadAssembly
Native extension for WindowsStandalone target not found
Refreshing native plugins compatible for Editor in 0.71 ms, found 3 plugins.
Preloading 0 native plugins for Editor in 0.00 ms.
Mono: successfully reloaded assembly
- Completed reload, in  1.482 seconds
Domain Reload Profiling:
	ReloadAssembly (1483ms)
		BeginReloadAssembly (192ms)
			ExecutionOrderSort (0ms)
			DisableScriptedObjects (9ms)
			BackupInstance (0ms)
			ReleaseScriptingObjects (0ms)
			CreateAndSetChildDomain (49ms)
		EndReloadAssembly (1181ms)
			LoadAssemblies (176ms)
			RebuildTransferFunctionScriptingTraits (0ms)
			SetupTypeCache (419ms)
			ReleaseScriptCaches (1ms)
			RebuildScriptCaches (60ms)
			SetupLoadedEditorAssemblies (437ms)
				LogAssemblyErrors (0ms)
				InitializePlatformSupportModulesInManaged (6ms)
				SetLoadedEditorAssemblies (1ms)
				RefreshPlugins (1ms)
				BeforeProcessingInitializeOnLoad (126ms)
				ProcessInitializeOnLoadAttributes (265ms)
				ProcessInitializeOnLoadMethodAttributes (22ms)
				AfterProcessingInitializeOnLoad (15ms)
				EditorAssembliesLoaded (0ms)
			ExecutionOrderSort2 (0ms)
			AwakeInstancesAfterBackupRestoration (7ms)
Platform modules already initialized, skipping
Refreshing native plugins compatible for Editor in 0.58 ms, found 3 plugins.
Preloading 0 native plugins for Editor in 0.00 ms.
Unloading 2222 Unused Serialized files (Serialized files now loaded: 0)
System memory in use before: 102.3 MB.
System memory in use after: 102.4 MB.

Unloading 20 unused Assets to reduce memory usage. Loaded Objects now: 2722.
Total: 3.124600 ms (FindLiveObjects: 0.184400 ms CreateObjectMapping: 0.068800 ms MarkObjects: 2.691200 ms  DeleteObjects: 0.179200 ms)

AssetImportParameters requested are different than current active one (requested -> active):
  custom:framework-win-MediaFoundation: 216162199b28c13a410421893ffa2e32 -> 
  custom:video-decoder-ogg-theora: a1e56fd34408186e4bbccfd4996cb3dc -> 
  custom:container-muxer-webm: aa71ff27fc2769a1b78a27578f13a17b -> 
  custom:container-demuxer-webm: 4f35f7cbe854078d1ac9338744f61a02 -> 
  custom:container-demuxer-ogg: 62fdf1f143b41e24485cea50d1cbac27 -> 
  custom:video-encoder-webm-vp8: eb34c28f22e8b96e1ab97ce403110664 -> 
  custom:video-codec-MediaFoundation-h265: 746d11721c4dcdbdad8f713fa42b33f4 -> 
  custom:video-decoder-webm-vp8: 9c59270c3fd7afecdb556c50c9e8de78 -> 
  custom:audio-decoder-ogg-vorbis: bf7c407c2cedff20999df2af8eb42d56 -> 
  custom:audio-encoder-webm-vorbis: bf7c407c2cedff20999df2af8eb42d56 -> 
========================================================================
Received Prepare
Registering precompiled user dll's ...
Registered in 0.012632 seconds.
Begin MonoManager ReloadAssembly
Native extension for WindowsStandalone target not found
Refreshing native plugins compatible for Editor in 1.38 ms, found 3 plugins.
Preloading 0 native plugins for Editor in 0.00 ms.
Mono: successfully reloaded assembly
- Completed reload, in  2.059 seconds
Domain Reload Profiling:
	ReloadAssembly (2060ms)
		BeginReloadAssembly (239ms)
			ExecutionOrderSort (0ms)
			DisableScriptedObjects (14ms)
			BackupInstance (0ms)
			ReleaseScriptingObjects (0ms)
			CreateAndSetChildDomain (64ms)
		EndReloadAssembly (1692ms)
			LoadAssemblies (234ms)
			RebuildTransferFunctionScriptingTraits (0ms)
			SetupTypeCache (590ms)
			ReleaseScriptCaches (1ms)
			RebuildScriptCaches (71ms)
			SetupLoadedEditorAssemblies (658ms)
				LogAssemblyErrors (0ms)
				InitializePlatformSupportModulesInManaged (10ms)
				SetLoadedEditorAssemblies (1ms)
				RefreshPlugins (2ms)
				BeforeProcessingInitializeOnLoad (184ms)
				ProcessInitializeOnLoadAttributes (412ms)
				ProcessInitializeOnLoadMethodAttributes (30ms)
				AfterProcessingInitializeOnLoad (18ms)
				EditorAssembliesLoaded (0ms)
			ExecutionOrderSort2 (0ms)
			AwakeInstancesAfterBackupRestoration (10ms)
Platform modules already initialized, skipping
Refreshing native plugins compatible for Editor in 0.86 ms, found 3 plugins.
Preloading 0 native plugins for Editor in 0.00 ms.
Unloading 2222 Unused Serialized files (Serialized files now loaded: 0)
System memory in use before: 102.3 MB.
System memory in use after: 102.4 MB.

Unloading 20 unused Assets to reduce memory usage. Loaded Objects now: 2725.
Total: 5.372300 ms (FindLiveObjects: 0.306100 ms CreateObjectMapping: 0.132200 ms MarkObjects: 4.652200 ms  DeleteObjects: 0.280100 ms)

AssetImportParameters requested are different than current active one (requested -> active):
  custom:framework-win-MediaFoundation: 216162199b28c13a410421893ffa2e32 -> 
  custom:video-decoder-ogg-theora: a1e56fd34408186e4bbccfd4996cb3dc -> 
  custom:container-muxer-webm: aa71ff27fc2769a1b78a27578f13a17b -> 
  custom:container-demuxer-webm: 4f35f7cbe854078d1ac9338744f61a02 -> 
  custom:container-demuxer-ogg: 62fdf1f143b41e24485cea50d1cbac27 -> 
  custom:video-encoder-webm-vp8: eb34c28f22e8b96e1ab97ce403110664 -> 
  custom:video-codec-MediaFoundation-h265: 746d11721c4dcdbdad8f713fa42b33f4 -> 
  custom:video-decoder-webm-vp8: 9c59270c3fd7afecdb556c50c9e8de78 -> 
  custom:audio-decoder-ogg-vorbis: bf7c407c2cedff20999df2af8eb42d56 -> 
  custom:audio-encoder-webm-vorbis: bf7c407c2cedff20999df2af8eb42d56 -> 
========================================================================
Received Import Request.
  Time since last request: 1236.311027 seconds.
  path: Assets/Scenes/Level 1.unity
  artifactKey: Guid(2cda990e2423bbf4892e6590ba056729) Importer(815301076,1909f56bfc062723c751e8b465ee728b)
Start importing Assets/Scenes/Level 1.unity using Guid(2cda990e2423bbf4892e6590ba056729) Importer(815301076,1909f56bfc062723c751e8b465ee728b)  -> (artifact id: '7307f8a1f603dc2cf5d6677dc65bcd13') in 0.025093 seconds 
========================================================================
Received Import Request.
  Time since last request: 2132.480912 seconds.
  path: Assets/Scripts/Pause.cs
  artifactKey: Guid(07e669a945876754f824279c21d9df90) Importer(815301076,1909f56bfc062723c751e8b465ee728b)
Start importing Assets/Scripts/Pause.cs using Guid(07e669a945876754f824279c21d9df90) Importer(815301076,1909f56bfc062723c751e8b465ee728b)  -> (artifact id: '0e550ad64ec5aebda320aa2aea81f7d7') in 0.003670 seconds 
========================================================================
Received Import Request.
  Time since last request: 1072.778116 seconds.
  path: Assets/Scripts/Pause.cs
  artifactKey: Guid(07e669a945876754f824279c21d9df90) Importer(815301076,1909f56bfc062723c751e8b465ee728b)
Start importing Assets/Scripts/Pause.cs using Guid(07e669a945876754f824279c21d9df90) Importer(815301076,1909f56bfc062723c751e8b465ee728b)  -> (artifact id: 'b1656353d41a7f438bcbdd4c6a1d6dfa') in 0.003488 seconds 
========================================================================
Received Prepare
Registering precompiled user dll's ...
Registered in 0.004880 seconds.
Begin MonoManager ReloadAssembly
Native extension for WindowsStandalone target not found
Refreshing native plugins compatible for Editor in 0.64 ms, found 3 plugins.
Preloading 0 native plugins for Editor in 0.00 ms.
Mono: successfully reloaded assembly
- Completed reload, in  1.115 seconds
Domain Reload Profiling:
	ReloadAssembly (1118ms)
		BeginReloadAssembly (243ms)
			ExecutionOrderSort (0ms)
			DisableScriptedObjects (16ms)
			BackupInstance (0ms)
			ReleaseScriptingObjects (0ms)
			CreateAndSetChildDomain (100ms)
		EndReloadAssembly (793ms)
			LoadAssemblies (143ms)
			RebuildTransferFunctionScriptingTraits (0ms)
			SetupTypeCache (281ms)
			ReleaseScriptCaches (1ms)
			RebuildScriptCaches (43ms)
			SetupLoadedEditorAssemblies (278ms)
				LogAssemblyErrors (0ms)
				InitializePlatformSupportModulesInManaged (5ms)
				SetLoadedEditorAssemblies (1ms)
				RefreshPlugins (1ms)
				BeforeProcessingInitializeOnLoad (91ms)
				ProcessInitializeOnLoadAttributes (160ms)
				ProcessInitializeOnLoadMethodAttributes (13ms)
				AfterProcessingInitializeOnLoad (8ms)
				EditorAssembliesLoaded (0ms)
			ExecutionOrderSort2 (0ms)
			AwakeInstancesAfterBackupRestoration (3ms)
Platform modules already initialized, skipping
Refreshing native plugins compatible for Editor in 0.51 ms, found 3 plugins.
Preloading 0 native plugins for Editor in 0.00 ms.
Unloading 2223 Unused Serialized files (Serialized files now loaded: 0)
System memory in use before: 102.4 MB.
System memory in use after: 102.4 MB.

Unloading 20 unused Assets to reduce memory usage. Loaded Objects now: 2729.
Total: 2.747700 ms (FindLiveObjects: 0.167100 ms CreateObjectMapping: 0.064400 ms MarkObjects: 2.307700 ms  DeleteObjects: 0.207400 ms)

AssetImportParameters requested are different than current active one (requested -> active):
  custom:framework-win-MediaFoundation: 216162199b28c13a410421893ffa2e32 -> 
  custom:video-decoder-ogg-theora: a1e56fd34408186e4bbccfd4996cb3dc -> 
  custom:container-muxer-webm: aa71ff27fc2769a1b78a27578f13a17b -> 
  custom:container-demuxer-webm: 4f35f7cbe854078d1ac9338744f61a02 -> 
  custom:container-demuxer-ogg: 62fdf1f143b41e24485cea50d1cbac27 -> 
  custom:video-encoder-webm-vp8: eb34c28f22e8b96e1ab97ce403110664 -> 
  custom:video-codec-MediaFoundation-h265: 746d11721c4dcdbdad8f713fa42b33f4 -> 
  custom:video-decoder-webm-vp8: 9c59270c3fd7afecdb556c50c9e8de78 -> 
  custom:audio-decoder-ogg-vorbis: bf7c407c2cedff20999df2af8eb42d56 -> 
  custom:audio-encoder-webm-vorbis: bf7c407c2cedff20999df2af8eb42d56 -> 
========================================================================
Received Prepare
Registering precompiled user dll's ...
Registered in 0.004745 seconds.
Begin MonoManager ReloadAssembly
Native extension for WindowsStandalone target not found
Refreshing native plugins compatible for Editor in 0.53 ms, found 3 plugins.
Preloading 0 native plugins for Editor in 0.00 ms.
Mono: successfully reloaded assembly
- Completed reload, in  0.897 seconds
Domain Reload Profiling:
	ReloadAssembly (898ms)
		BeginReloadAssembly (132ms)
			ExecutionOrderSort (0ms)
			DisableScriptedObjects (7ms)
			BackupInstance (0ms)
			ReleaseScriptingObjects (0ms)
			CreateAndSetChildDomain (39ms)
		EndReloadAssembly (715ms)
			LoadAssemblies (106ms)
			RebuildTransferFunctionScriptingTraits (0ms)
			SetupTypeCache (202ms)
			ReleaseScriptCaches (1ms)
			RebuildScriptCaches (30ms)
			SetupLoadedEditorAssemblies (327ms)
				LogAssemblyErrors (0ms)
				InitializePlatformSupportModulesInManaged (3ms)
				SetLoadedEditorAssemblies (0ms)
				RefreshPlugins (1ms)
				BeforeProcessingInitializeOnLoad (75ms)
				ProcessInitializeOnLoadAttributes (215ms)
				ProcessInitializeOnLoadMethodAttributes (20ms)
				AfterProcessingInitializeOnLoad (12ms)
				EditorAssembliesLoaded (0ms)
			ExecutionOrderSort2 (0ms)
			AwakeInstancesAfterBackupRestoration (4ms)
Platform modules already initialized, skipping
Refreshing native plugins compatible for Editor in 0.64 ms, found 3 plugins.
Preloading 0 native plugins for Editor in 0.00 ms.
Unloading 2223 Unused Serialized files (Serialized files now loaded: 0)
System memory in use before: 102.4 MB.
System memory in use after: 102.4 MB.

Unloading 20 unused Assets to reduce memory usage. Loaded Objects now: 2732.
Total: 3.468800 ms (FindLiveObjects: 0.213300 ms CreateObjectMapping: 0.062300 ms MarkObjects: 3.054200 ms  DeleteObjects: 0.137600 ms)

AssetImportParameters requested are different than current active one (requested -> active):
  custom:framework-win-MediaFoundation: 216162199b28c13a410421893ffa2e32 -> 
  custom:video-decoder-ogg-theora: a1e56fd34408186e4bbccfd4996cb3dc -> 
  custom:container-muxer-webm: aa71ff27fc2769a1b78a27578f13a17b -> 
  custom:container-demuxer-webm: 4f35f7cbe854078d1ac9338744f61a02 -> 
  custom:container-demuxer-ogg: 62fdf1f143b41e24485cea50d1cbac27 -> 
  custom:video-encoder-webm-vp8: eb34c28f22e8b96e1ab97ce403110664 -> 
  custom:video-codec-MediaFoundation-h265: 746d11721c4dcdbdad8f713fa42b33f4 -> 
  custom:video-decoder-webm-vp8: 9c59270c3fd7afecdb556c50c9e8de78 -> 
  custom:audio-decoder-ogg-vorbis: bf7c407c2cedff20999df2af8eb42d56 -> 
  custom:audio-encoder-webm-vorbis: bf7c407c2cedff20999df2af8eb42d56 -> 
========================================================================
Received Prepare
Registering precompiled user dll's ...
Registered in 0.006168 seconds.
Begin MonoManager ReloadAssembly
Native extension for WindowsStandalone target not found
Refreshing native plugins compatible for Editor in 0.85 ms, found 3 plugins.
Preloading 0 native plugins for Editor in 0.00 ms.
Mono: successfully reloaded assembly
- Completed reload, in  0.922 seconds
Domain Reload Profiling:
	ReloadAssembly (922ms)
		BeginReloadAssembly (106ms)
			ExecutionOrderSort (0ms)
			DisableScriptedObjects (7ms)
			BackupInstance (0ms)
			ReleaseScriptingObjects (0ms)
			CreateAndSetChildDomain (27ms)
		EndReloadAssembly (763ms)
			LoadAssemblies (93ms)
			RebuildTransferFunctionScriptingTraits (0ms)
			SetupTypeCache (236ms)
			ReleaseScriptCaches (1ms)
			RebuildScriptCaches (46ms)
			SetupLoadedEditorAssemblies (311ms)
				LogAssemblyErrors (0ms)
				InitializePlatformSupportModulesInManaged (4ms)
				SetLoadedEditorAssemblies (1ms)
				RefreshPlugins (1ms)
				BeforeProcessingInitializeOnLoad (84ms)
				ProcessInitializeOnLoadAttributes (188ms)
				ProcessInitializeOnLoadMethodAttributes (20ms)
				AfterProcessingInitializeOnLoad (12ms)
				EditorAssembliesLoaded (0ms)
			ExecutionOrderSort2 (0ms)
			AwakeInstancesAfterBackupRestoration (6ms)
Platform modules already initialized, skipping
Refreshing native plugins compatible for Editor in 0.56 ms, found 3 plugins.
Preloading 0 native plugins for Editor in 0.00 ms.
Unloading 2223 Unused Serialized files (Serialized files now loaded: 0)
System memory in use before: 102.4 MB.
System memory in use after: 102.5 MB.

Unloading 20 unused Assets to reduce memory usage. Loaded Objects now: 2735.
Total: 3.228900 ms (FindLiveObjects: 0.244500 ms CreateObjectMapping: 0.078600 ms MarkObjects: 2.741200 ms  DeleteObjects: 0.163200 ms)

AssetImportParameters requested are different than current active one (requested -> active):
  custom:framework-win-MediaFoundation: 216162199b28c13a410421893ffa2e32 -> 
  custom:video-decoder-ogg-theora: a1e56fd34408186e4bbccfd4996cb3dc -> 
  custom:container-muxer-webm: aa71ff27fc2769a1b78a27578f13a17b -> 
  custom:container-demuxer-webm: 4f35f7cbe854078d1ac9338744f61a02 -> 
  custom:container-demuxer-ogg: 62fdf1f143b41e24485cea50d1cbac27 -> 
  custom:video-encoder-webm-vp8: eb34c28f22e8b96e1ab97ce403110664 -> 
  custom:video-codec-MediaFoundation-h265: 746d11721c4dcdbdad8f713fa42b33f4 -> 
  custom:video-decoder-webm-vp8: 9c59270c3fd7afecdb556c50c9e8de78 -> 
  custom:audio-decoder-ogg-vorbis: bf7c407c2cedff20999df2af8eb42d56 -> 
  custom:audio-encoder-webm-vorbis: bf7c407c2cedff20999df2af8eb42d56 -> 
========================================================================
Received Import Request.
  Time since last request: 473.676320 seconds.
  path: Assets/Scenes/Level 2.unity
  artifactKey: Guid(6a70801bbbeb85c4e90e7bfbbf2b6a5e) Importer(815301076,1909f56bfc062723c751e8b465ee728b)
Start importing Assets/Scenes/Level 2.unity using Guid(6a70801bbbeb85c4e90e7bfbbf2b6a5e) Importer(815301076,1909f56bfc062723c751e8b465ee728b)  -> (artifact id: '8b51c88bfd9bd6a38ec19a1fe6a1e87c') in 0.006628 seconds 
========================================================================
Received Prepare
Registering precompiled user dll's ...
Registered in 0.004620 seconds.
Begin MonoManager ReloadAssembly
Native extension for WindowsStandalone target not found
Refreshing native plugins compatible for Editor in 0.54 ms, found 3 plugins.
Preloading 0 native plugins for Editor in 0.00 ms.
Mono: successfully reloaded assembly
- Completed reload, in  0.875 seconds
Domain Reload Profiling:
	ReloadAssembly (875ms)
		BeginReloadAssembly (106ms)
			ExecutionOrderSort (0ms)
			DisableScriptedObjects (5ms)
			BackupInstance (0ms)
			ReleaseScriptingObjects (0ms)
			CreateAndSetChildDomain (29ms)
		EndReloadAssembly (717ms)
			LoadAssemblies (92ms)
			RebuildTransferFunctionScriptingTraits (0ms)
			SetupTypeCache (206ms)
			ReleaseScriptCaches (1ms)
			RebuildScriptCaches (32ms)
			SetupLoadedEditorAssemblies (307ms)
				LogAssemblyErrors (0ms)
				InitializePlatformSupportModulesInManaged (5ms)
				SetLoadedEditorAssemblies (0ms)
				RefreshPlugins (1ms)
				BeforeProcessingInitializeOnLoad (88ms)
				ProcessInitializeOnLoadAttributes (192ms)
				ProcessInitializeOnLoadMethodAttributes (14ms)
				AfterProcessingInitializeOnLoad (8ms)
				EditorAssembliesLoaded (0ms)
			ExecutionOrderSort2 (0ms)
			AwakeInstancesAfterBackupRestoration (4ms)
Platform modules already initialized, skipping
Refreshing native plugins compatible for Editor in 0.64 ms, found 3 plugins.
Preloading 0 native plugins for Editor in 0.00 ms.
Unloading 2223 Unused Serialized files (Serialized files now loaded: 0)
System memory in use before: 102.4 MB.
System memory in use after: 102.5 MB.

Unloading 20 unused Assets to reduce memory usage. Loaded Objects now: 2738.
Total: 2.843600 ms (FindLiveObjects: 0.195400 ms CreateObjectMapping: 0.071900 ms MarkObjects: 2.453000 ms  DeleteObjects: 0.122400 ms)

AssetImportParameters requested are different than current active one (requested -> active):
  custom:framework-win-MediaFoundation: 216162199b28c13a410421893ffa2e32 -> 
  custom:video-decoder-ogg-theora: a1e56fd34408186e4bbccfd4996cb3dc -> 
  custom:container-muxer-webm: aa71ff27fc2769a1b78a27578f13a17b -> 
  custom:container-demuxer-webm: 4f35f7cbe854078d1ac9338744f61a02 -> 
  custom:container-demuxer-ogg: 62fdf1f143b41e24485cea50d1cbac27 -> 
  custom:video-encoder-webm-vp8: eb34c28f22e8b96e1ab97ce403110664 -> 
  custom:video-codec-MediaFoundation-h265: 746d11721c4dcdbdad8f713fa42b33f4 -> 
  custom:video-decoder-webm-vp8: 9c59270c3fd7afecdb556c50c9e8de78 -> 
  custom:audio-decoder-ogg-vorbis: bf7c407c2cedff20999df2af8eb42d56 -> 
  custom:audio-encoder-webm-vorbis: bf7c407c2cedff20999df2af8eb42d56 -> 
========================================================================
Received Import Request.
  Time since last request: 33.859190 seconds.
  path: Assets/Scenes/Level 1.unity
  artifactKey: Guid(2cda990e2423bbf4892e6590ba056729) Importer(815301076,1909f56bfc062723c751e8b465ee728b)
Start importing Assets/Scenes/Level 1.unity using Guid(2cda990e2423bbf4892e6590ba056729) Importer(815301076,1909f56bfc062723c751e8b465ee728b)  -> (artifact id: '27bcface6f0f309828aebaa730708321') in 0.006736 seconds 
========================================================================
Received Import Request.
  Time since last request: 0.747362 seconds.
  path: Assets/Scenes/Level 2.unity
  artifactKey: Guid(6a70801bbbeb85c4e90e7bfbbf2b6a5e) Importer(815301076,1909f56bfc062723c751e8b465ee728b)
Start importing Assets/Scenes/Level 2.unity using Guid(6a70801bbbeb85c4e90e7bfbbf2b6a5e) Importer(815301076,1909f56bfc062723c751e8b465ee728b)  -> (artifact id: '2577d851b7caa9bbb997f9d6a4a2c9d7') in 0.003313 seconds 
========================================================================
Received Import Request.
  Time since last request: 123.118746 seconds.
  path: Assets/Scenes/Menu.unity
  artifactKey: Guid(4da97215971d1ef4680c4f0a1ea24a35) Importer(815301076,1909f56bfc062723c751e8b465ee728b)
Start importing Assets/Scenes/Menu.unity using Guid(4da97215971d1ef4680c4f0a1ea24a35) Importer(815301076,1909f56bfc062723c751e8b465ee728b)  -> (artifact id: '92ff1b5a2647653d07113d799dfd6ffd') in 0.002747 seconds 
========================================================================
Received Prepare
Registering precompiled user dll's ...
Registered in 0.004562 seconds.
Begin MonoManager ReloadAssembly
Native extension for WindowsStandalone target not found
Refreshing native plugins compatible for Editor in 0.56 ms, found 3 plugins.
Preloading 0 native plugins for Editor in 0.00 ms.
Mono: successfully reloaded assembly
- Completed reload, in  0.975 seconds
Domain Reload Profiling:
	ReloadAssembly (975ms)
		BeginReloadAssembly (110ms)
			ExecutionOrderSort (0ms)
			DisableScriptedObjects (6ms)
			BackupInstance (0ms)
			ReleaseScriptingObjects (0ms)
			CreateAndSetChildDomain (29ms)
		EndReloadAssembly (814ms)
			LoadAssemblies (94ms)
			RebuildTransferFunctionScriptingTraits (0ms)
			SetupTypeCache (239ms)
			ReleaseScriptCaches (2ms)
			RebuildScriptCaches (49ms)
			SetupLoadedEditorAssemblies (342ms)
				LogAssemblyErrors (0ms)
				InitializePlatformSupportModulesInManaged (4ms)
				SetLoadedEditorAssemblies (0ms)
				RefreshPlugins (1ms)
				BeforeProcessingInitializeOnLoad (94ms)
				ProcessInitializeOnLoadAttributes (215ms)
				ProcessInitializeOnLoadMethodAttributes (17ms)
				AfterProcessingInitializeOnLoad (11ms)
				EditorAssembliesLoaded (0ms)
			ExecutionOrderSort2 (0ms)
			AwakeInstancesAfterBackupRestoration (5ms)
Platform modules already initialized, skipping
Refreshing native plugins compatible for Editor in 0.53 ms, found 3 plugins.
Preloading 0 native plugins for Editor in 0.00 ms.
Unloading 2223 Unused Serialized files (Serialized files now loaded: 0)
System memory in use before: 102.4 MB.
System memory in use after: 102.5 MB.

Unloading 20 unused Assets to reduce memory usage. Loaded Objects now: 2741.
Total: 3.571800 ms (FindLiveObjects: 0.247300 ms CreateObjectMapping: 0.075100 ms MarkObjects: 3.114700 ms  DeleteObjects: 0.133800 ms)

AssetImportParameters requested are different than current active one (requested -> active):
  custom:framework-win-MediaFoundation: 216162199b28c13a410421893ffa2e32 -> 
  custom:video-decoder-ogg-theora: a1e56fd34408186e4bbccfd4996cb3dc -> 
  custom:container-muxer-webm: aa71ff27fc2769a1b78a27578f13a17b -> 
  custom:container-demuxer-webm: 4f35f7cbe854078d1ac9338744f61a02 -> 
  custom:container-demuxer-ogg: 62fdf1f143b41e24485cea50d1cbac27 -> 
  custom:video-encoder-webm-vp8: eb34c28f22e8b96e1ab97ce403110664 -> 
  custom:video-codec-MediaFoundation-h265: 746d11721c4dcdbdad8f713fa42b33f4 -> 
  custom:video-decoder-webm-vp8: 9c59270c3fd7afecdb556c50c9e8de78 -> 
  custom:audio-decoder-ogg-vorbis: bf7c407c2cedff20999df2af8eb42d56 -> 
  custom:audio-encoder-webm-vorbis: bf7c407c2cedff20999df2af8eb42d56 -> 
========================================================================
Received Import Request.
  Time since last request: 380.516892 seconds.
  path: Assets/Scenes/Level 1.unity
  artifactKey: Guid(2cda990e2423bbf4892e6590ba056729) Importer(815301076,1909f56bfc062723c751e8b465ee728b)
Start importing Assets/Scenes/Level 1.unity using Guid(2cda990e2423bbf4892e6590ba056729) Importer(815301076,1909f56bfc062723c751e8b465ee728b)  -> (artifact id: 'b5f2bccbdd8c237cccccc00fa983ffd3') in 0.006498 seconds 
========================================================================
Received Prepare
Registering precompiled user dll's ...
Registered in 0.005109 seconds.
Begin MonoManager ReloadAssembly
Native extension for WindowsStandalone target not found
Refreshing native plugins compatible for Editor in 1.15 ms, found 3 plugins.
Preloading 0 native plugins for Editor in 0.00 ms.
Mono: successfully reloaded assembly
- Completed reload, in  1.053 seconds
Domain Reload Profiling:
	ReloadAssembly (1053ms)
		BeginReloadAssembly (123ms)
			ExecutionOrderSort (0ms)
			DisableScriptedObjects (5ms)
			BackupInstance (0ms)
			ReleaseScriptingObjects (0ms)
			CreateAndSetChildDomain (34ms)
		EndReloadAssembly (867ms)
			LoadAssemblies (110ms)
			RebuildTransferFunctionScriptingTraits (0ms)
			SetupTypeCache (284ms)
			ReleaseScriptCaches (1ms)
			RebuildScriptCaches (50ms)
			SetupLoadedEditorAssemblies (338ms)
				LogAssemblyErrors (0ms)
				InitializePlatformSupportModulesInManaged (4ms)
				SetLoadedEditorAssemblies (0ms)
				RefreshPlugins (1ms)
				BeforeProcessingInitializeOnLoad (97ms)
				ProcessInitializeOnLoadAttributes (209ms)
				ProcessInitializeOnLoadMethodAttributes (17ms)
				AfterProcessingInitializeOnLoad (9ms)
				EditorAssembliesLoaded (0ms)
			ExecutionOrderSort2 (0ms)
			AwakeInstancesAfterBackupRestoration (5ms)
Platform modules already initialized, skipping
Refreshing native plugins compatible for Editor in 0.55 ms, found 3 plugins.
Preloading 0 native plugins for Editor in 0.00 ms.
Unloading 2223 Unused Serialized files (Serialized files now loaded: 0)
System memory in use before: 102.4 MB.
System memory in use after: 102.5 MB.

Unloading 20 unused Assets to reduce memory usage. Loaded Objects now: 2744.
Total: 3.747100 ms (FindLiveObjects: 0.232600 ms CreateObjectMapping: 0.079900 ms MarkObjects: 3.241500 ms  DeleteObjects: 0.192100 ms)

AssetImportParameters requested are different than current active one (requested -> active):
  custom:framework-win-MediaFoundation: 216162199b28c13a410421893ffa2e32 -> 
  custom:video-decoder-ogg-theora: a1e56fd34408186e4bbccfd4996cb3dc -> 
  custom:container-muxer-webm: aa71ff27fc2769a1b78a27578f13a17b -> 
  custom:container-demuxer-webm: 4f35f7cbe854078d1ac9338744f61a02 -> 
  custom:container-demuxer-ogg: 62fdf1f143b41e24485cea50d1cbac27 -> 
  custom:video-encoder-webm-vp8: eb34c28f22e8b96e1ab97ce403110664 -> 
  custom:video-codec-MediaFoundation-h265: 746d11721c4dcdbdad8f713fa42b33f4 -> 
  custom:video-decoder-webm-vp8: 9c59270c3fd7afecdb556c50c9e8de78 -> 
  custom:audio-decoder-ogg-vorbis: bf7c407c2cedff20999df2af8eb42d56 -> 
  custom:audio-encoder-webm-vorbis: bf7c407c2cedff20999df2af8eb42d56 -> 
========================================================================
Received Import Request.
  Time since last request: 198.133568 seconds.
  path: Assets/Scenes/Level 2.unity
  artifactKey: Guid(6a70801bbbeb85c4e90e7bfbbf2b6a5e) Importer(815301076,1909f56bfc062723c751e8b465ee728b)
Start importing Assets/Scenes/Level 2.unity using Guid(6a70801bbbeb85c4e90e7bfbbf2b6a5e) Importer(815301076,1909f56bfc062723c751e8b465ee728b)  -> (artifact id: '2eec7f96a518e5cd025eb1c6e0c3d0b4') in 0.006903 seconds 
========================================================================
Received Prepare
Registering precompiled user dll's ...
Registered in 0.004601 seconds.
Begin MonoManager ReloadAssembly
Native extension for WindowsStandalone target not found
Refreshing native plugins compatible for Editor in 0.81 ms, found 3 plugins.
Preloading 0 native plugins for Editor in 0.00 ms.
Mono: successfully reloaded assembly
- Completed reload, in  0.963 seconds
Domain Reload Profiling:
	ReloadAssembly (964ms)
		BeginReloadAssembly (112ms)
			ExecutionOrderSort (0ms)
			DisableScriptedObjects (5ms)
			BackupInstance (0ms)
			ReleaseScriptingObjects (0ms)
			CreateAndSetChildDomain (28ms)
		EndReloadAssembly (787ms)
			LoadAssemblies (97ms)
			RebuildTransferFunctionScriptingTraits (0ms)
			SetupTypeCache (236ms)
			ReleaseScriptCaches (1ms)
			RebuildScriptCaches (46ms)
			SetupLoadedEditorAssemblies (326ms)
				LogAssemblyErrors (0ms)
				InitializePlatformSupportModulesInManaged (4ms)
				SetLoadedEditorAssemblies (1ms)
				RefreshPlugins (1ms)
				BeforeProcessingInitializeOnLoad (93ms)
				ProcessInitializeOnLoadAttributes (195ms)
				ProcessInitializeOnLoadMethodAttributes (21ms)
				AfterProcessingInitializeOnLoad (12ms)
				EditorAssembliesLoaded (0ms)
			ExecutionOrderSort2 (0ms)
			AwakeInstancesAfterBackupRestoration (6ms)
Platform modules already initialized, skipping
Refreshing native plugins compatible for Editor in 0.54 ms, found 3 plugins.
Preloading 0 native plugins for Editor in 0.00 ms.
Unloading 2223 Unused Serialized files (Serialized files now loaded: 0)
System memory in use before: 102.4 MB.
System memory in use after: 102.5 MB.

Unloading 20 unused Assets to reduce memory usage. Loaded Objects now: 2747.
Total: 2.777700 ms (FindLiveObjects: 0.224000 ms CreateObjectMapping: 0.067200 ms MarkObjects: 2.370100 ms  DeleteObjects: 0.115200 ms)

AssetImportParameters requested are different than current active one (requested -> active):
  custom:framework-win-MediaFoundation: 216162199b28c13a410421893ffa2e32 -> 
  custom:video-decoder-ogg-theora: a1e56fd34408186e4bbccfd4996cb3dc -> 
  custom:container-muxer-webm: aa71ff27fc2769a1b78a27578f13a17b -> 
  custom:container-demuxer-webm: 4f35f7cbe854078d1ac9338744f61a02 -> 
  custom:container-demuxer-ogg: 62fdf1f143b41e24485cea50d1cbac27 -> 
  custom:video-encoder-webm-vp8: eb34c28f22e8b96e1ab97ce403110664 -> 
  custom:video-codec-MediaFoundation-h265: 746d11721c4dcdbdad8f713fa42b33f4 -> 
  custom:video-decoder-webm-vp8: 9c59270c3fd7afecdb556c50c9e8de78 -> 
  custom:audio-decoder-ogg-vorbis: bf7c407c2cedff20999df2af8eb42d56 -> 
  custom:audio-encoder-webm-vorbis: bf7c407c2cedff20999df2af8eb42d56 -> 
========================================================================
Received Import Request.
  Time since last request: 74.119767 seconds.
  path: Assets/Scenes/Level 2.unity
  artifactKey: Guid(6a70801bbbeb85c4e90e7bfbbf2b6a5e) Importer(815301076,1909f56bfc062723c751e8b465ee728b)
Start importing Assets/Scenes/Level 2.unity using Guid(6a70801bbbeb85c4e90e7bfbbf2b6a5e) Importer(815301076,1909f56bfc062723c751e8b465ee728b)  -> (artifact id: '6a0bdac85d399b871abffa40a2348ce9') in 0.007461 seconds 
========================================================================
Received Prepare
Registering precompiled user dll's ...
Registered in 0.004584 seconds.
Begin MonoManager ReloadAssembly
Native extension for WindowsStandalone target not found
Refreshing native plugins compatible for Editor in 0.95 ms, found 3 plugins.
Preloading 0 native plugins for Editor in 0.00 ms.
Mono: successfully reloaded assembly
- Completed reload, in  1.222 seconds
Domain Reload Profiling:
	ReloadAssembly (1222ms)
		BeginReloadAssembly (140ms)
			ExecutionOrderSort (0ms)
			DisableScriptedObjects (8ms)
			BackupInstance (0ms)
			ReleaseScriptingObjects (0ms)
			CreateAndSetChildDomain (38ms)
		EndReloadAssembly (1011ms)
			LoadAssemblies (121ms)
			RebuildTransferFunctionScriptingTraits (0ms)
			SetupTypeCache (344ms)
			ReleaseScriptCaches (1ms)
			RebuildScriptCaches (49ms)
			SetupLoadedEditorAssemblies (398ms)
				LogAssemblyErrors (0ms)
				InitializePlatformSupportModulesInManaged (6ms)
				SetLoadedEditorAssemblies (1ms)
				RefreshPlugins (1ms)
				BeforeProcessingInitializeOnLoad (118ms)
				ProcessInitializeOnLoadAttributes (241ms)
				ProcessInitializeOnLoadMethodAttributes (20ms)
				AfterProcessingInitializeOnLoad (11ms)
				EditorAssembliesLoaded (0ms)
			ExecutionOrderSort2 (0ms)
			AwakeInstancesAfterBackupRestoration (5ms)
Platform modules already initialized, skipping
Refreshing native plugins compatible for Editor in 0.60 ms, found 3 plugins.
Preloading 0 native plugins for Editor in 0.00 ms.
Unloading 2223 Unused Serialized files (Serialized files now loaded: 0)
System memory in use before: 102.5 MB.
System memory in use after: 102.6 MB.

Unloading 20 unused Assets to reduce memory usage. Loaded Objects now: 2750.
Total: 3.441900 ms (FindLiveObjects: 0.192700 ms CreateObjectMapping: 0.060100 ms MarkObjects: 3.055900 ms  DeleteObjects: 0.132100 ms)

AssetImportParameters requested are different than current active one (requested -> active):
  custom:framework-win-MediaFoundation: 216162199b28c13a410421893ffa2e32 -> 
  custom:video-decoder-ogg-theora: a1e56fd34408186e4bbccfd4996cb3dc -> 
  custom:container-muxer-webm: aa71ff27fc2769a1b78a27578f13a17b -> 
  custom:container-demuxer-webm: 4f35f7cbe854078d1ac9338744f61a02 -> 
  custom:container-demuxer-ogg: 62fdf1f143b41e24485cea50d1cbac27 -> 
  custom:video-encoder-webm-vp8: eb34c28f22e8b96e1ab97ce403110664 -> 
  custom:video-codec-MediaFoundation-h265: 746d11721c4dcdbdad8f713fa42b33f4 -> 
  custom:video-decoder-webm-vp8: 9c59270c3fd7afecdb556c50c9e8de78 -> 
  custom:audio-decoder-ogg-vorbis: bf7c407c2cedff20999df2af8eb42d56 -> 
  custom:audio-encoder-webm-vorbis: bf7c407c2cedff20999df2af8eb42d56 -> 
========================================================================
Received Prepare
Registering precompiled user dll's ...
Registered in 0.004773 seconds.
Begin MonoManager ReloadAssembly
Native extension for WindowsStandalone target not found
Refreshing native plugins compatible for Editor in 0.80 ms, found 3 plugins.
Preloading 0 native plugins for Editor in 0.00 ms.
Mono: successfully reloaded assembly
- Completed reload, in  1.194 seconds
Domain Reload Profiling:
	ReloadAssembly (1195ms)
		BeginReloadAssembly (139ms)
			ExecutionOrderSort (0ms)
			DisableScriptedObjects (8ms)
			BackupInstance (0ms)
			ReleaseScriptingObjects (0ms)
			CreateAndSetChildDomain (37ms)
		EndReloadAssembly (991ms)
			LoadAssemblies (120ms)
			RebuildTransferFunctionScriptingTraits (0ms)
			SetupTypeCache (373ms)
			ReleaseScriptCaches (1ms)
			RebuildScriptCaches (50ms)
			SetupLoadedEditorAssemblies (364ms)
				LogAssemblyErrors (0ms)
				InitializePlatformSupportModulesInManaged (5ms)
				SetLoadedEditorAssemblies (1ms)
				RefreshPlugins (1ms)
				BeforeProcessingInitializeOnLoad (100ms)
				ProcessInitializeOnLoadAttributes (223ms)
				ProcessInitializeOnLoadMethodAttributes (22ms)
				AfterProcessingInitializeOnLoad (12ms)
				EditorAssembliesLoaded (0ms)
			ExecutionOrderSort2 (0ms)
			AwakeInstancesAfterBackupRestoration (6ms)
Platform modules already initialized, skipping
Refreshing native plugins compatible for Editor in 0.63 ms, found 3 plugins.
Preloading 0 native plugins for Editor in 0.00 ms.
Unloading 2223 Unused Serialized files (Serialized files now loaded: 0)
System memory in use before: 102.5 MB.
System memory in use after: 102.6 MB.

Unloading 20 unused Assets to reduce memory usage. Loaded Objects now: 2753.
Total: 3.185700 ms (FindLiveObjects: 0.223100 ms CreateObjectMapping: 0.066100 ms MarkObjects: 2.772100 ms  DeleteObjects: 0.123100 ms)

AssetImportParameters requested are different than current active one (requested -> active):
  custom:framework-win-MediaFoundation: 216162199b28c13a410421893ffa2e32 -> 
  custom:video-decoder-ogg-theora: a1e56fd34408186e4bbccfd4996cb3dc -> 
  custom:container-muxer-webm: aa71ff27fc2769a1b78a27578f13a17b -> 
  custom:container-demuxer-webm: 4f35f7cbe854078d1ac9338744f61a02 -> 
  custom:container-demuxer-ogg: 62fdf1f143b41e24485cea50d1cbac27 -> 
  custom:video-encoder-webm-vp8: eb34c28f22e8b96e1ab97ce403110664 -> 
  custom:video-codec-MediaFoundation-h265: 746d11721c4dcdbdad8f713fa42b33f4 -> 
  custom:video-decoder-webm-vp8: 9c59270c3fd7afecdb556c50c9e8de78 -> 
  custom:audio-decoder-ogg-vorbis: bf7c407c2cedff20999df2af8eb42d56 -> 
  custom:audio-encoder-webm-vorbis: bf7c407c2cedff20999df2af8eb42d56 -> 
AssetImportWorkerClient::OnTransportError - code=2 error=End of file
